апр 05 11:52:58 deb10-1 audit[244]: AVC apparmor="STATUS" operation="profile_load" profile="unconfined" name="/usr/lib/x86_64-linux-gnu/lightdm/lightdm-guest-session" pid=244 comm="apparmor_parser"
апр 05 11:52:58 deb10-1 audit[244]: AVC apparmor="STATUS" operation="profile_load" profile="unconfined" name="/usr/lib/x86_64-linux-gnu/lightdm/lightdm-guest-session//chromium" pid=244 comm="apparmor_parser"
апр 05 11:52:58 deb10-1 audit[256]: AVC apparmor="STATUS" operation="profile_load" profile="unconfined" name="/usr/bin/man" pid=256 comm="apparmor_parser"
апр 05 11:52:58 deb10-1 audit[256]: AVC apparmor="STATUS" operation="profile_load" profile="unconfined" name="man_filter" pid=256 comm="apparmor_parser"
апр 05 11:52:58 deb10-1 audit[256]: AVC apparmor="STATUS" operation="profile_load" profile="unconfined" name="man_groff" pid=256 comm="apparmor_parser"
апр 05 11:52:59 deb10-1 audit[261]: AVC apparmor="STATUS" operation="profile_load" profile="unconfined" name="lsb_release" pid=261 comm="apparmor_parser"
апр 05 11:52:59 deb10-1 audit[262]: AVC apparmor="STATUS" operation="profile_load" profile="unconfined" name="nvidia_modprobe" pid=262 comm="apparmor_parser"
апр 05 11:52:59 deb10-1 audit[262]: AVC apparmor="STATUS" operation="profile_load" profile="unconfined" name="nvidia_modprobe//kmod" pid=262 comm="apparmor_parser"
апр 05 12:18:35 deb10-1 audit[1820]: AVC apparmor="STATUS" operation="profile_load" profile="unconfined" name="/usr/local/bin/macapp" pid=1820 comm="apparmor_parser"
апр 05 12:25:22 deb10-1 audit[1826]: AVC apparmor="DENIED" operation="mknod" profile="/usr/local/bin/macapp" name="/var/log/macapp.log" pid=1826 comm="macapp" requested_mask="c" denied_mask="c" fsuid=0 ouid=0
апр 05 12:25:22 deb10-1 audit[1826]: AVC apparmor="DENIED" operation="capable" profile="/usr/local/bin/macapp" pid=1826 comm="macapp" capability=10  capname="net_bind_service"
апр 05 12:25:22 deb10-1 audit[1826]: AVC apparmor="DENIED" operation="open" profile="/usr/local/bin/macapp" name="/etc/ssh/ssh_host_rsa_key" pid=1826 comm="macapp" requested_mask="r" denied_mask="r" fsuid=0 ouid=0
апр 05 12:25:22 deb10-1 audit[1826]: AVC apparmor="DENIED" operation="mknod" profile="/usr/local/bin/macapp" name="/tmp/ssh_key" pid=1826 comm="macapp" requested_mask="c" denied_mask="c" fsuid=0 ouid=0
апр 05 12:25:32 deb10-1 audit[1826]: AVC apparmor="DENIED" operation="mknod" profile="/usr/local/bin/macapp" name="/var/log/macapp.log" pid=1826 comm="macapp" requested_mask="c" denied_mask="c" fsuid=0 ouid=0
апр 05 12:25:32 deb10-1 audit[1826]: AVC apparmor="DENIED" operation="open" profile="/usr/local/bin/macapp" name="/etc/ssh/ssh_host_rsa_key" pid=1826 comm="macapp" requested_mask="r" denied_mask="r" fsuid=0 ouid=0
апр 05 12:25:32 deb10-1 audit[1826]: AVC apparmor="DENIED" operation="mknod" profile="/usr/local/bin/macapp" name="/tmp/ssh_key" pid=1826 comm="macapp" requested_mask="c" denied_mask="c" fsuid=0 ouid=0
апр 05 12:25:42 deb10-1 audit[1826]: AVC apparmor="DENIED" operation="mknod" profile="/usr/local/bin/macapp" name="/var/log/macapp.log" pid=1826 comm="macapp" requested_mask="c" denied_mask="c" fsuid=0 ouid=0
апр 05 12:25:42 deb10-1 audit[1826]: AVC apparmor="DENIED" operation="open" profile="/usr/local/bin/macapp" name="/etc/ssh/ssh_host_rsa_key" pid=1826 comm="macapp" requested_mask="r" denied_mask="r" fsuid=0 ouid=0
апр 05 12:25:42 deb10-1 audit[1826]: AVC apparmor="DENIED" operation="mknod" profile="/usr/local/bin/macapp" name="/tmp/ssh_key" pid=1826 comm="macapp" requested_mask="c" denied_mask="c" fsuid=0 ouid=0
апр 05 12:25:52 deb10-1 audit[1826]: AVC apparmor="DENIED" operation="mknod" profile="/usr/local/bin/macapp" name="/var/log/macapp.log" pid=1826 comm="macapp" requested_mask="c" denied_mask="c" fsuid=0 ouid=0
апр 05 12:25:52 deb10-1 audit[1826]: AVC apparmor="DENIED" operation="open" profile="/usr/local/bin/macapp" name="/etc/ssh/ssh_host_rsa_key" pid=1826 comm="macapp" requested_mask="r" denied_mask="r" fsuid=0 ouid=0
апр 05 12:25:52 deb10-1 audit[1826]: AVC apparmor="DENIED" operation="mknod" profile="/usr/local/bin/macapp" name="/tmp/ssh_key" pid=1826 comm="macapp" requested_mask="c" denied_mask="c" fsuid=0 ouid=0
апр 05 12:26:02 deb10-1 audit[1826]: AVC apparmor="DENIED" operation="mknod" profile="/usr/local/bin/macapp" name="/var/log/macapp.log" pid=1826 comm="macapp" requested_mask="c" denied_mask="c" fsuid=0 ouid=0
апр 05 12:26:02 deb10-1 audit[1826]: AVC apparmor="DENIED" operation="open" profile="/usr/local/bin/macapp" name="/etc/ssh/ssh_host_rsa_key" pid=1826 comm="macapp" requested_mask="r" denied_mask="r" fsuid=0 ouid=0
апр 05 12:26:02 deb10-1 audit[1826]: AVC apparmor="DENIED" operation="mknod" profile="/usr/local/bin/macapp" name="/tmp/ssh_key" pid=1826 comm="macapp" requested_mask="c" denied_mask="c" fsuid=0 ouid=0
апр 05 12:26:12 deb10-1 audit[1826]: AVC apparmor="DENIED" operation="mknod" profile="/usr/local/bin/macapp" name="/var/log/macapp.log" pid=1826 comm="macapp" requested_mask="c" denied_mask="c" fsuid=0 ouid=0
апр 05 12:26:12 deb10-1 audit[1826]: AVC apparmor="DENIED" operation="open" profile="/usr/local/bin/macapp" name="/etc/ssh/ssh_host_rsa_key" pid=1826 comm="macapp" requested_mask="r" denied_mask="r" fsuid=0 ouid=0
апр 05 12:26:12 deb10-1 audit[1826]: AVC apparmor="DENIED" operation="mknod" profile="/usr/local/bin/macapp" name="/tmp/ssh_key" pid=1826 comm="macapp" requested_mask="c" denied_mask="c" fsuid=0 ouid=0
апр 05 12:26:22 deb10-1 audit[1826]: AVC apparmor="DENIED" operation="mknod" profile="/usr/local/bin/macapp" name="/var/log/macapp.log" pid=1826 comm="macapp" requested_mask="c" denied_mask="c" fsuid=0 ouid=0
апр 05 12:26:22 deb10-1 audit[1826]: AVC apparmor="DENIED" operation="open" profile="/usr/local/bin/macapp" name="/etc/ssh/ssh_host_rsa_key" pid=1826 comm="macapp" requested_mask="r" denied_mask="r" fsuid=0 ouid=0
апр 05 12:26:22 deb10-1 audit[1826]: AVC apparmor="DENIED" operation="mknod" profile="/usr/local/bin/macapp" name="/tmp/ssh_key" pid=1826 comm="macapp" requested_mask="c" denied_mask="c" fsuid=0 ouid=0
апр 05 12:26:32 deb10-1 audit[1826]: AVC apparmor="DENIED" operation="mknod" profile="/usr/local/bin/macapp" name="/var/log/macapp.log" pid=1826 comm="macapp" requested_mask="c" denied_mask="c" fsuid=0 ouid=0
апр 05 12:26:32 deb10-1 audit[1826]: AVC apparmor="DENIED" operation="open" profile="/usr/local/bin/macapp" name="/etc/ssh/ssh_host_rsa_key" pid=1826 comm="macapp" requested_mask="r" denied_mask="r" fsuid=0 ouid=0
апр 05 12:26:32 deb10-1 audit[1826]: AVC apparmor="DENIED" operation="mknod" profile="/usr/local/bin/macapp" name="/tmp/ssh_key" pid=1826 comm="macapp" requested_mask="c" denied_mask="c" fsuid=0 ouid=0
апр 05 12:26:42 deb10-1 audit[1826]: AVC apparmor="DENIED" operation="mknod" profile="/usr/local/bin/macapp" name="/var/log/macapp.log" pid=1826 comm="macapp" requested_mask="c" denied_mask="c" fsuid=0 ouid=0
апр 05 12:26:42 deb10-1 audit[1826]: AVC apparmor="DENIED" operation="open" profile="/usr/local/bin/macapp" name="/etc/ssh/ssh_host_rsa_key" pid=1826 comm="macapp" requested_mask="r" denied_mask="r" fsuid=0 ouid=0
апр 05 12:26:42 deb10-1 audit[1826]: AVC apparmor="DENIED" operation="mknod" profile="/usr/local/bin/macapp" name="/tmp/ssh_key" pid=1826 comm="macapp" requested_mask="c" denied_mask="c" fsuid=0 ouid=0
апр 05 12:26:52 deb10-1 audit[1826]: AVC apparmor="DENIED" operation="mknod" profile="/usr/local/bin/macapp" name="/var/log/macapp.log" pid=1826 comm="macapp" requested_mask="c" denied_mask="c" fsuid=0 ouid=0
апр 05 12:26:52 deb10-1 audit[1826]: AVC apparmor="DENIED" operation="open" profile="/usr/local/bin/macapp" name="/etc/ssh/ssh_host_rsa_key" pid=1826 comm="macapp" requested_mask="r" denied_mask="r" fsuid=0 ouid=0
апр 05 12:26:52 deb10-1 audit[1826]: AVC apparmor="DENIED" operation="mknod" profile="/usr/local/bin/macapp" name="/tmp/ssh_key" pid=1826 comm="macapp" requested_mask="c" denied_mask="c" fsuid=0 ouid=0
апр 05 12:27:02 deb10-1 audit[1826]: AVC apparmor="DENIED" operation="mknod" profile="/usr/local/bin/macapp" name="/var/log/macapp.log" pid=1826 comm="macapp" requested_mask="c" denied_mask="c" fsuid=0 ouid=0
апр 05 12:27:02 deb10-1 audit[1826]: AVC apparmor="DENIED" operation="open" profile="/usr/local/bin/macapp" name="/etc/ssh/ssh_host_rsa_key" pid=1826 comm="macapp" requested_mask="r" denied_mask="r" fsuid=0 ouid=0
апр 05 12:27:02 deb10-1 audit[1826]: AVC apparmor="DENIED" operation="mknod" profile="/usr/local/bin/macapp" name="/tmp/ssh_key" pid=1826 comm="macapp" requested_mask="c" denied_mask="c" fsuid=0 ouid=0
апр 05 12:27:12 deb10-1 audit[1826]: AVC apparmor="DENIED" operation="mknod" profile="/usr/local/bin/macapp" name="/var/log/macapp.log" pid=1826 comm="macapp" requested_mask="c" denied_mask="c" fsuid=0 ouid=0
апр 05 12:27:12 deb10-1 audit[1826]: AVC apparmor="DENIED" operation="open" profile="/usr/local/bin/macapp" name="/etc/ssh/ssh_host_rsa_key" pid=1826 comm="macapp" requested_mask="r" denied_mask="r" fsuid=0 ouid=0
апр 05 12:27:12 deb10-1 audit[1826]: AVC apparmor="DENIED" operation="mknod" profile="/usr/local/bin/macapp" name="/tmp/ssh_key" pid=1826 comm="macapp" requested_mask="c" denied_mask="c" fsuid=0 ouid=0
апр 05 12:27:22 deb10-1 audit[1826]: AVC apparmor="DENIED" operation="mknod" profile="/usr/local/bin/macapp" name="/var/log/macapp.log" pid=1826 comm="macapp" requested_mask="c" denied_mask="c" fsuid=0 ouid=0
апр 05 12:27:22 deb10-1 audit[1826]: AVC apparmor="DENIED" operation="open" profile="/usr/local/bin/macapp" name="/etc/ssh/ssh_host_rsa_key" pid=1826 comm="macapp" requested_mask="r" denied_mask="r" fsuid=0 ouid=0
апр 05 12:27:22 deb10-1 audit[1826]: AVC apparmor="DENIED" operation="mknod" profile="/usr/local/bin/macapp" name="/tmp/ssh_key" pid=1826 comm="macapp" requested_mask="c" denied_mask="c" fsuid=0 ouid=0
апр 05 12:27:32 deb10-1 audit[1826]: AVC apparmor="DENIED" operation="mknod" profile="/usr/local/bin/macapp" name="/var/log/macapp.log" pid=1826 comm="macapp" requested_mask="c" denied_mask="c" fsuid=0 ouid=0
апр 05 12:27:32 deb10-1 audit[1826]: AVC apparmor="DENIED" operation="open" profile="/usr/local/bin/macapp" name="/etc/ssh/ssh_host_rsa_key" pid=1826 comm="macapp" requested_mask="r" denied_mask="r" fsuid=0 ouid=0
апр 05 12:27:32 deb10-1 audit[1826]: AVC apparmor="DENIED" operation="mknod" profile="/usr/local/bin/macapp" name="/tmp/ssh_key" pid=1826 comm="macapp" requested_mask="c" denied_mask="c" fsuid=0 ouid=0
апр 05 12:27:42 deb10-1 audit[1826]: AVC apparmor="DENIED" operation="mknod" profile="/usr/local/bin/macapp" name="/var/log/macapp.log" pid=1826 comm="macapp" requested_mask="c" denied_mask="c" fsuid=0 ouid=0
апр 05 12:27:42 deb10-1 audit[1826]: AVC apparmor="DENIED" operation="open" profile="/usr/local/bin/macapp" name="/etc/ssh/ssh_host_rsa_key" pid=1826 comm="macapp" requested_mask="r" denied_mask="r" fsuid=0 ouid=0
апр 05 12:27:42 deb10-1 audit[1826]: AVC apparmor="DENIED" operation="mknod" profile="/usr/local/bin/macapp" name="/tmp/ssh_key" pid=1826 comm="macapp" requested_mask="c" denied_mask="c" fsuid=0 ouid=0
апр 05 12:27:52 deb10-1 audit[1826]: AVC apparmor="DENIED" operation="mknod" profile="/usr/local/bin/macapp" name="/var/log/macapp.log" pid=1826 comm="macapp" requested_mask="c" denied_mask="c" fsuid=0 ouid=0
апр 05 12:27:52 deb10-1 audit[1826]: AVC apparmor="DENIED" operation="open" profile="/usr/local/bin/macapp" name="/etc/ssh/ssh_host_rsa_key" pid=1826 comm="macapp" requested_mask="r" denied_mask="r" fsuid=0 ouid=0
апр 05 12:27:52 deb10-1 audit[1826]: AVC apparmor="DENIED" operation="mknod" profile="/usr/local/bin/macapp" name="/tmp/ssh_key" pid=1826 comm="macapp" requested_mask="c" denied_mask="c" fsuid=0 ouid=0
апр 05 12:28:02 deb10-1 audit[1826]: AVC apparmor="DENIED" operation="mknod" profile="/usr/local/bin/macapp" name="/var/log/macapp.log" pid=1826 comm="macapp" requested_mask="c" denied_mask="c" fsuid=0 ouid=0
апр 05 12:28:02 deb10-1 audit[1826]: AVC apparmor="DENIED" operation="open" profile="/usr/local/bin/macapp" name="/etc/ssh/ssh_host_rsa_key" pid=1826 comm="macapp" requested_mask="r" denied_mask="r" fsuid=0 ouid=0
апр 05 12:28:02 deb10-1 audit[1826]: AVC apparmor="DENIED" operation="mknod" profile="/usr/local/bin/macapp" name="/tmp/ssh_key" pid=1826 comm="macapp" requested_mask="c" denied_mask="c" fsuid=0 ouid=0
апр 05 12:28:12 deb10-1 audit[1826]: AVC apparmor="DENIED" operation="mknod" profile="/usr/local/bin/macapp" name="/var/log/macapp.log" pid=1826 comm="macapp" requested_mask="c" denied_mask="c" fsuid=0 ouid=0
апр 05 12:28:12 deb10-1 audit[1826]: AVC apparmor="DENIED" operation="open" profile="/usr/local/bin/macapp" name="/etc/ssh/ssh_host_rsa_key" pid=1826 comm="macapp" requested_mask="r" denied_mask="r" fsuid=0 ouid=0
апр 05 12:28:12 deb10-1 audit[1826]: AVC apparmor="DENIED" operation="mknod" profile="/usr/local/bin/macapp" name="/tmp/ssh_key" pid=1826 comm="macapp" requested_mask="c" denied_mask="c" fsuid=0 ouid=0
апр 05 12:28:22 deb10-1 audit[1826]: AVC apparmor="DENIED" operation="mknod" profile="/usr/local/bin/macapp" name="/var/log/macapp.log" pid=1826 comm="macapp" requested_mask="c" denied_mask="c" fsuid=0 ouid=0
апр 05 12:28:22 deb10-1 audit[1826]: AVC apparmor="DENIED" operation="open" profile="/usr/local/bin/macapp" name="/etc/ssh/ssh_host_rsa_key" pid=1826 comm="macapp" requested_mask="r" denied_mask="r" fsuid=0 ouid=0
апр 05 12:28:22 deb10-1 audit[1826]: AVC apparmor="DENIED" operation="mknod" profile="/usr/local/bin/macapp" name="/tmp/ssh_key" pid=1826 comm="macapp" requested_mask="c" denied_mask="c" fsuid=0 ouid=0
апр 05 12:28:32 deb10-1 audit[1826]: AVC apparmor="DENIED" operation="mknod" profile="/usr/local/bin/macapp" name="/var/log/macapp.log" pid=1826 comm="macapp" requested_mask="c" denied_mask="c" fsuid=0 ouid=0
апр 05 12:28:32 deb10-1 audit[1826]: AVC apparmor="DENIED" operation="open" profile="/usr/local/bin/macapp" name="/etc/ssh/ssh_host_rsa_key" pid=1826 comm="macapp" requested_mask="r" denied_mask="r" fsuid=0 ouid=0
апр 05 12:28:32 deb10-1 audit[1826]: AVC apparmor="DENIED" operation="mknod" profile="/usr/local/bin/macapp" name="/tmp/ssh_key" pid=1826 comm="macapp" requested_mask="c" denied_mask="c" fsuid=0 ouid=0
апр 05 12:28:42 deb10-1 audit[1826]: AVC apparmor="DENIED" operation="mknod" profile="/usr/local/bin/macapp" name="/var/log/macapp.log" pid=1826 comm="macapp" requested_mask="c" denied_mask="c" fsuid=0 ouid=0
апр 05 12:28:42 deb10-1 audit[1826]: AVC apparmor="DENIED" operation="open" profile="/usr/local/bin/macapp" name="/etc/ssh/ssh_host_rsa_key" pid=1826 comm="macapp" requested_mask="r" denied_mask="r" fsuid=0 ouid=0
апр 05 12:28:42 deb10-1 audit[1826]: AVC apparmor="DENIED" operation="mknod" profile="/usr/local/bin/macapp" name="/tmp/ssh_key" pid=1826 comm="macapp" requested_mask="c" denied_mask="c" fsuid=0 ouid=0
апр 05 12:28:52 deb10-1 audit[1826]: AVC apparmor="DENIED" operation="mknod" profile="/usr/local/bin/macapp" name="/var/log/macapp.log" pid=1826 comm="macapp" requested_mask="c" denied_mask="c" fsuid=0 ouid=0
апр 05 12:28:52 deb10-1 audit[1826]: AVC apparmor="DENIED" operation="open" profile="/usr/local/bin/macapp" name="/etc/ssh/ssh_host_rsa_key" pid=1826 comm="macapp" requested_mask="r" denied_mask="r" fsuid=0 ouid=0
апр 05 12:28:52 deb10-1 audit[1826]: AVC apparmor="DENIED" operation="mknod" profile="/usr/local/bin/macapp" name="/tmp/ssh_key" pid=1826 comm="macapp" requested_mask="c" denied_mask="c" fsuid=0 ouid=0
апр 05 12:29:02 deb10-1 audit[1826]: AVC apparmor="DENIED" operation="mknod" profile="/usr/local/bin/macapp" name="/var/log/macapp.log" pid=1826 comm="macapp" requested_mask="c" denied_mask="c" fsuid=0 ouid=0
апр 05 12:29:02 deb10-1 audit[1826]: AVC apparmor="DENIED" operation="open" profile="/usr/local/bin/macapp" name="/etc/ssh/ssh_host_rsa_key" pid=1826 comm="macapp" requested_mask="r" denied_mask="r" fsuid=0 ouid=0
апр 05 12:29:02 deb10-1 audit[1826]: AVC apparmor="DENIED" operation="mknod" profile="/usr/local/bin/macapp" name="/tmp/ssh_key" pid=1826 comm="macapp" requested_mask="c" denied_mask="c" fsuid=0 ouid=0
апр 05 12:29:12 deb10-1 audit[1826]: AVC apparmor="DENIED" operation="mknod" profile="/usr/local/bin/macapp" name="/var/log/macapp.log" pid=1826 comm="macapp" requested_mask="c" denied_mask="c" fsuid=0 ouid=0
апр 05 12:29:12 deb10-1 audit[1826]: AVC apparmor="DENIED" operation="open" profile="/usr/local/bin/macapp" name="/etc/ssh/ssh_host_rsa_key" pid=1826 comm="macapp" requested_mask="r" denied_mask="r" fsuid=0 ouid=0
апр 05 12:29:12 deb10-1 audit[1826]: AVC apparmor="DENIED" operation="mknod" profile="/usr/local/bin/macapp" name="/tmp/ssh_key" pid=1826 comm="macapp" requested_mask="c" denied_mask="c" fsuid=0 ouid=0
апр 05 12:29:22 deb10-1 audit[1826]: AVC apparmor="DENIED" operation="mknod" profile="/usr/local/bin/macapp" name="/var/log/macapp.log" pid=1826 comm="macapp" requested_mask="c" denied_mask="c" fsuid=0 ouid=0
апр 05 12:29:22 deb10-1 audit[1826]: AVC apparmor="DENIED" operation="open" profile="/usr/local/bin/macapp" name="/etc/ssh/ssh_host_rsa_key" pid=1826 comm="macapp" requested_mask="r" denied_mask="r" fsuid=0 ouid=0
апр 05 12:29:22 deb10-1 audit[1826]: AVC apparmor="DENIED" operation="mknod" profile="/usr/local/bin/macapp" name="/tmp/ssh_key" pid=1826 comm="macapp" requested_mask="c" denied_mask="c" fsuid=0 ouid=0
апр 05 12:29:32 deb10-1 audit[1826]: AVC apparmor="DENIED" operation="mknod" profile="/usr/local/bin/macapp" name="/var/log/macapp.log" pid=1826 comm="macapp" requested_mask="c" denied_mask="c" fsuid=0 ouid=0
апр 05 12:29:32 deb10-1 audit[1826]: AVC apparmor="DENIED" operation="open" profile="/usr/local/bin/macapp" name="/etc/ssh/ssh_host_rsa_key" pid=1826 comm="macapp" requested_mask="r" denied_mask="r" fsuid=0 ouid=0
апр 05 12:29:32 deb10-1 audit[1826]: AVC apparmor="DENIED" operation="mknod" profile="/usr/local/bin/macapp" name="/tmp/ssh_key" pid=1826 comm="macapp" requested_mask="c" denied_mask="c" fsuid=0 ouid=0
апр 05 12:29:42 deb10-1 audit[1826]: AVC apparmor="DENIED" operation="mknod" profile="/usr/local/bin/macapp" name="/var/log/macapp.log" pid=1826 comm="macapp" requested_mask="c" denied_mask="c" fsuid=0 ouid=0
апр 05 12:29:42 deb10-1 audit[1826]: AVC apparmor="DENIED" operation="open" profile="/usr/local/bin/macapp" name="/etc/ssh/ssh_host_rsa_key" pid=1826 comm="macapp" requested_mask="r" denied_mask="r" fsuid=0 ouid=0
апр 05 12:29:42 deb10-1 audit[1826]: AVC apparmor="DENIED" operation="mknod" profile="/usr/local/bin/macapp" name="/tmp/ssh_key" pid=1826 comm="macapp" requested_mask="c" denied_mask="c" fsuid=0 ouid=0
апр 05 12:29:52 deb10-1 audit[1826]: AVC apparmor="DENIED" operation="mknod" profile="/usr/local/bin/macapp" name="/var/log/macapp.log" pid=1826 comm="macapp" requested_mask="c" denied_mask="c" fsuid=0 ouid=0
апр 05 12:29:52 deb10-1 audit[1826]: AVC apparmor="DENIED" operation="open" profile="/usr/local/bin/macapp" name="/etc/ssh/ssh_host_rsa_key" pid=1826 comm="macapp" requested_mask="r" denied_mask="r" fsuid=0 ouid=0
апр 05 12:29:52 deb10-1 audit[1826]: AVC apparmor="DENIED" operation="mknod" profile="/usr/local/bin/macapp" name="/tmp/ssh_key" pid=1826 comm="macapp" requested_mask="c" denied_mask="c" fsuid=0 ouid=0
апр 05 12:30:02 deb10-1 audit[1826]: AVC apparmor="DENIED" operation="mknod" profile="/usr/local/bin/macapp" name="/var/log/macapp.log" pid=1826 comm="macapp" requested_mask="c" denied_mask="c" fsuid=0 ouid=0
апр 05 12:30:02 deb10-1 audit[1826]: AVC apparmor="DENIED" operation="open" profile="/usr/local/bin/macapp" name="/etc/ssh/ssh_host_rsa_key" pid=1826 comm="macapp" requested_mask="r" denied_mask="r" fsuid=0 ouid=0
апр 05 12:30:02 deb10-1 audit[1826]: AVC apparmor="DENIED" operation="mknod" profile="/usr/local/bin/macapp" name="/tmp/ssh_key" pid=1826 comm="macapp" requested_mask="c" denied_mask="c" fsuid=0 ouid=0
апр 05 12:30:12 deb10-1 audit[1826]: AVC apparmor="DENIED" operation="mknod" profile="/usr/local/bin/macapp" name="/var/log/macapp.log" pid=1826 comm="macapp" requested_mask="c" denied_mask="c" fsuid=0 ouid=0
апр 05 12:30:12 deb10-1 audit[1826]: AVC apparmor="DENIED" operation="open" profile="/usr/local/bin/macapp" name="/etc/ssh/ssh_host_rsa_key" pid=1826 comm="macapp" requested_mask="r" denied_mask="r" fsuid=0 ouid=0
апр 05 12:30:12 deb10-1 audit[1826]: AVC apparmor="DENIED" operation="mknod" profile="/usr/local/bin/macapp" name="/tmp/ssh_key" pid=1826 comm="macapp" requested_mask="c" denied_mask="c" fsuid=0 ouid=0
апр 05 12:30:22 deb10-1 audit[1826]: AVC apparmor="DENIED" operation="mknod" profile="/usr/local/bin/macapp" name="/var/log/macapp.log" pid=1826 comm="macapp" requested_mask="c" denied_mask="c" fsuid=0 ouid=0
апр 05 12:30:22 deb10-1 audit[1826]: AVC apparmor="DENIED" operation="open" profile="/usr/local/bin/macapp" name="/etc/ssh/ssh_host_rsa_key" pid=1826 comm="macapp" requested_mask="r" denied_mask="r" fsuid=0 ouid=0
апр 05 12:30:22 deb10-1 audit[1826]: AVC apparmor="DENIED" operation="mknod" profile="/usr/local/bin/macapp" name="/tmp/ssh_key" pid=1826 comm="macapp" requested_mask="c" denied_mask="c" fsuid=0 ouid=0
апр 05 12:30:32 deb10-1 audit[1826]: AVC apparmor="DENIED" operation="mknod" profile="/usr/local/bin/macapp" name="/var/log/macapp.log" pid=1826 comm="macapp" requested_mask="c" denied_mask="c" fsuid=0 ouid=0
апр 05 12:30:32 deb10-1 audit[1826]: AVC apparmor="DENIED" operation="open" profile="/usr/local/bin/macapp" name="/etc/ssh/ssh_host_rsa_key" pid=1826 comm="macapp" requested_mask="r" denied_mask="r" fsuid=0 ouid=0
апр 05 12:30:32 deb10-1 audit[1826]: AVC apparmor="DENIED" operation="mknod" profile="/usr/local/bin/macapp" name="/tmp/ssh_key" pid=1826 comm="macapp" requested_mask="c" denied_mask="c" fsuid=0 ouid=0
апр 05 12:30:42 deb10-1 audit[1826]: AVC apparmor="DENIED" operation="mknod" profile="/usr/local/bin/macapp" name="/var/log/macapp.log" pid=1826 comm="macapp" requested_mask="c" denied_mask="c" fsuid=0 ouid=0
апр 05 12:30:42 deb10-1 audit[1826]: AVC apparmor="DENIED" operation="open" profile="/usr/local/bin/macapp" name="/etc/ssh/ssh_host_rsa_key" pid=1826 comm="macapp" requested_mask="r" denied_mask="r" fsuid=0 ouid=0
апр 05 12:30:42 deb10-1 audit[1826]: AVC apparmor="DENIED" operation="mknod" profile="/usr/local/bin/macapp" name="/tmp/ssh_key" pid=1826 comm="macapp" requested_mask="c" denied_mask="c" fsuid=0 ouid=0
апр 05 12:30:52 deb10-1 audit[1826]: AVC apparmor="DENIED" operation="mknod" profile="/usr/local/bin/macapp" name="/var/log/macapp.log" pid=1826 comm="macapp" requested_mask="c" denied_mask="c" fsuid=0 ouid=0
апр 05 12:30:52 deb10-1 audit[1826]: AVC apparmor="DENIED" operation="open" profile="/usr/local/bin/macapp" name="/etc/ssh/ssh_host_rsa_key" pid=1826 comm="macapp" requested_mask="r" denied_mask="r" fsuid=0 ouid=0
апр 05 12:30:52 deb10-1 audit[1826]: AVC apparmor="DENIED" operation="mknod" profile="/usr/local/bin/macapp" name="/tmp/ssh_key" pid=1826 comm="macapp" requested_mask="c" denied_mask="c" fsuid=0 ouid=0
апр 05 12:30:54 deb10-1 audit[1904]: AVC apparmor="STATUS" operation="profile_replace" profile="unconfined" name="/usr/local/bin/macapp" pid=1904 comm="apparmor_parser"
апр 05 12:32:18 deb10-1 audit[1908]: AVC apparmor="STATUS" operation="profile_replace" profile="unconfined" name="/usr/local/bin/macapp" pid=1908 comm="apparmor_parser"
апр 05 12:32:19 deb10-1 audit[1905]: AVC apparmor="DENIED" operation="open" profile="/usr/local/bin/macapp" name="/etc/ssh/ssh_host_rsa_key" pid=1905 comm="macapp" requested_mask="r" denied_mask="r" fsuid=0 ouid=0
апр 05 12:32:22 deb10-1 audit[1910]: AVC apparmor="DENIED" operation="open" profile="/usr/local/bin/macapp" name="/etc/ssh/ssh_host_rsa_key" pid=1910 comm="macapp" requested_mask="r" denied_mask="r" fsuid=0 ouid=0
апр 05 12:32:32 deb10-1 audit[1910]: AVC apparmor="DENIED" operation="open" profile="/usr/local/bin/macapp" name="/etc/ssh/ssh_host_rsa_key" pid=1910 comm="macapp" requested_mask="r" denied_mask="r" fsuid=0 ouid=0
